2001.03.22 09:41 B D:\Presentations\2001\APEXfolder\1ghoniem0299.pdf <-- puma /usr/users/sharafat/APEXfolder 1ghoniem0299.pdf
2001.03.22 09:41 B D:\Presentations\2001\APEXfolder\1ghoniem0798.pdf <-- puma /usr/users/sharafat/APEXfolder 1ghoniem0798.pdf
2001.03.22 09:41 B D:\Presentations\2001\APEXfolder\1ghoniem1097.pdf <-- puma /usr/users/sharafat/APEXfolder 1ghoniem1097.pdf
2001.03.22 09:41 B D:\Presentations\2001\APEXfolder\1ghoniem1198.pdf <-- puma /usr/users/sharafat/APEXfolder 1ghoniem1198.pdf
2001.03.22 09:41 B D:\Presentations\2001\APEXfolder\1mattas0299.pdf <-- puma /usr/users/sharafat/APEXfolder 1mattas0299.pdf
2001.03.22 09:41 B D:\Presentations\2001\APEXfolder\1zinkle0198.pdf <-- puma /usr/users/sharafat/APEXfolder 1zinkle0198.pdf
2001.03.22 09:41 B D:\Presentations\2001\APEXfolder\1zinkle0299.pdf <-- puma /usr/users/sharafat/APEXfolder 1zinkle0299.pdf
2001.03.22 09:41 B D:\Presentations\2001\APEXfolder\1zinkle0598.pdf <-- puma /usr/users/sharafat/APEXfolder 1zinkle0598.pdf
2001.03.22 09:41 B D:\Presentations\2001\APEXfolder\1zinkle1198.pdf <-- puma /usr/users/sharafat/APEXfolder 1zinkle1198.pdf
2001.03.22 09:41 B D:\Presentations\2001\APEXfolder\1zinkleghoniem0598.pdf <-- puma /usr/users/sharafat/APEXfolder 1zinkleghoniem0598.pdf
2001.03.22 09:41 B D:\Presentations\2001\APEXfolder\2elazab0598.pdf <-- puma /usr/users/sharafat/APEXfolder 2elazab0598.pdf
2001.03.22 09:41 B D:\Presentations\2001\APEXfolder\2ghoniem0798.pdf <-- puma /usr/users/sharafat/APEXfolder 2ghoniem0798.pdf
2001.03.22 09:41 B D:\Presentations\2001\APEXfolder\2zinkle0798.pdf <-- puma /usr/users/sharafat/APEXfolder 2zinkle0798.pdf
2001.03.22 09:41 B D:\Presentations\2001\APEXfolder\2zinkle1198.pdf <-- puma /usr/users/sharafat/APEXfolder 2zinkle1198.pdf
2001.03.22 09:41 B D:\Presentations\2001\APEXfolder\allowable_Li_pressure.doc <-- puma /usr/users/sharafat/APEXfolder allowable_Li_pressure.doc
2001.03.22 09:41 B D:\Presentations\2001\APEXfolder\APEX Interim Report-Sect-3.doc <-- puma /usr/users/sharafat/APEXfolder APEX Interim Report-Sect-3.doc
2001.03.22 09:41 B D:\Presentations\2001\APEXfolder\apex-11-2-98.doc <-- puma /usr/users/sharafat/APEXfolder apex-11-2-98.doc
2001.03.22 09:41 B D:\Presentations\2001\APEXfolder\apex-11-2-98.pdf <-- puma /usr/users/sharafat/APEXfolder apex-11-2-98.pdf
2001.03.22 09:41 B D:\Presentations\2001\APEXfolder\apex-3-24-00.pdf <-- puma /usr/users/sharafat/APEXfolder apex-3-24-00.pdf
2001.03.22 09:41 B D:\Presentations\2001\APEXfolder\apex_1.spw <-- puma /usr/users/sharafat/APEXfolder apex_1.spw
2001.03.22 09:41 B D:\Presentations\2001\APEXfolder\apex_1.xls <-- puma /usr/users/sharafat/APEXfolder apex_1.xls
2001.03.22 09:42 B D:\Presentations\2001\APEXfolder\apex_1_98.doc <-- puma /usr/users/sharafat/APEXfolder apex_1_98.doc
2001.03.22 09:42 B D:\Presentations\2001\APEXfolder\apex_2.spw <-- puma /usr/users/sharafat/APEXfolder apex_2.spw
2001.03.22 09:42 B D:\Presentations\2001\APEXfolder\APEX_chapt.pdf <-- puma /usr/users/sharafat/APEXfolder APEX_chapt.pdf
2001.03.22 09:42 B D:\Presentations\2001\APEXfolder\apex_emeeting_0324.ppt <-- puma /usr/users/sharafat/APEXfolder apex_emeeting_0324.ppt
2001.03.22 09:42 B D:\Presentations\2001\APEXfolder\apex_emeeting_05-10-00.ppt <-- puma /usr/users/sharafat/APEXfolder apex_emeeting_05-10-00.ppt
2001.03.22 09:42 B D:\Presentations\2001\APEXfolder\apex_emeeting_8_24_00.doc <-- puma /usr/users/sharafat/APEXfolder apex_emeeting_8_24_00.doc
2001.03.22 09:42 B D:\Presentations\2001\APEXfolder\apex_july_98.ppt <-- puma /usr/users/sharafat/APEXfolder apex_july_98.ppt
2001.03.22 09:42 B D:\Presentations\2001\APEXfolder\apex_may_99_3.pdf <-- puma /usr/users/sharafat/APEXfolder apex_may_99_3.pdf
2001.03.22 09:42 B D:\Presentations\2001\APEXfolder\apex_may_99_zinkle.pdf <-- puma /usr/users/sharafat/APEXfolder apex_may_99_zinkle.pdf
2001.03.22 09:42 B D:\Presentations\2001\APEXfolder\apex_ox2.spw <-- puma /usr/users/sharafat/APEXfolder apex_ox2.spw
2001.03.22 09:42 B D:\Presentations\2001\APEXfolder\apex_ox3.spw <-- puma /usr/users/sharafat/APEXfolder apex_ox3.spw
2001.03.22 09:42 B D:\Presentations\2001\APEXfolder\apex_ox5.spw <-- puma /usr/users/sharafat/APEXfolder apex_ox5.spw
2001.03.22 09:42 B D:\Presentations\2001\APEXfolder\apex_oxy.spw <-- puma /usr/users/sharafat/APEXfolder apex_oxy.spw
2001.03.22 09:42 B D:\Presentations\2001\APEXfolder\apex_oxy.xfm <-- puma /usr/users/sharafat/APEXfolder apex_oxy.xfm
2001.03.22 09:42 B D:\Presentations\2001\APEXfolder\APEX_W_oxidation_limits_2-15-99.doc <-- puma /usr/users/sharafat/APEXfolder APEX_W_oxidation_limits_2-15-99.doc
2001.03.22 09:42 B D:\Presentations\2001\APEXfolder\Comp_Sn_Li_Pb-Li_props.doc <-- puma /usr/users/sharafat/APEXfolder Comp_Sn_Li_Pb-Li_props.doc
2001.03.22 09:42 B D:\Presentations\2001\APEXfolder\Design Window for Tungsten Alloys.doc <-- puma /usr/users/sharafat/APEXfolder Design Window for Tungsten Alloys.doc
2001.03.22 09:42 B D:\Presentations\2001\APEXfolder\email_W_stress_limits.doc <-- puma /usr/users/sharafat/APEXfolder email_W_stress_limits.doc
2001.03.22 09:42 B D:\Presentations\2001\APEXfolder\ghoniem1198.pdf <-- puma /usr/users/sharafat/APEXfolder ghoniem1198.pdf
2001.03.22 09:42 B D:\Presentations\2001\APEXfolder\Na-thermal_conductivity.doc <-- puma /usr/users/sharafat/APEXfolder Na-thermal_conductivity.doc
2001.03.22 09:42 B D:\Presentations\2001\APEXfolder\Sn-Li_Data_Summary.doc <-- puma /usr/users/sharafat/APEXfolder Sn-Li_Data_Summary.doc
2001.03.22 09:42 B D:\Presentations\2001\APEXfolder\Sn-Li_Properties_Final.doc <-- puma /usr/users/sharafat/APEXfolder Sn-Li_Properties_Final.doc
2001.03.22 09:42 B D:\Presentations\2001\APEXfolder\Sn-Li_report.doc <-- puma /usr/users/sharafat/APEXfolder Sn-Li_report.doc
2001.03.22 09:42 B D:\Presentations\2001\APEXfolder\Stability_Final.doc <-- puma /usr/users/sharafat/APEXfolder Stability_Final.doc
